c:\users\asus\документы\github\baa-2019-cw copy\env-2025\env-2025\debug\vc143.pdb
c:\users\asus\документы\github\baa-2019-cw copy\env-2025\env-2025\debug\vc143.idb
c:\users\asus\документы\github\baa-2019-cw copy\env-2025\env-2025\debug\semantic.obj
c:\users\asus\документы\github\baa-2019-cw copy\env-2025\env-2025\debug\polishnotation.obj
c:\users\asus\документы\github\baa-2019-cw copy\env-2025\env-2025\debug\pch.obj
c:\users\asus\документы\github\baa-2019-cw copy\env-2025\env-2025\debug\parm.obj
c:\users\asus\документы\github\baa-2019-cw copy\env-2025\env-2025\debug\mfst.obj
c:\users\asus\документы\github\baa-2019-cw copy\env-2025\env-2025\debug\lt.obj
c:\users\asus\документы\github\baa-2019-cw copy\env-2025\env-2025\debug\log.obj
c:\users\asus\документы\github\baa-2019-cw copy\env-2025\env-2025\debug\lexanaliz.obj
c:\users\asus\документы\github\baa-2019-cw copy\env-2025\env-2025\debug\it.obj
c:\users\asus\документы\github\baa-2019-cw copy\env-2025\env-2025\debug\in.obj
c:\users\asus\документы\github\baa-2019-cw copy\env-2025\env-2025\debug\greibach.obj
c:\users\asus\документы\github\baa-2019-cw copy\env-2025\env-2025\debug\generator.obj
c:\users\asus\документы\github\baa-2019-cw copy\env-2025\env-2025\debug\fst.obj
c:\users\asus\документы\github\baa-2019-cw copy\env-2025\env-2025\debug\error.obj
c:\users\asus\документы\github\baa-2019-cw copy\env-2025\env-2025\debug\env-2025.obj
c:\users\asus\документы\github\baa-2019-cw copy\env-2025\debug\env-2025.exe
c:\users\asus\документы\github\baa-2019-cw copy\env-2025\debug\env-2025.pdb
c:\users\asus\документы\github\baa-2019-cw copy\env-2025\env-2025\debug\env-2025.ilk
c:\users\asus\документы\github\baa-2019-cw copy\env-2025\env-2025\debug\env-2025.tlog\cl.command.1.tlog
c:\users\asus\документы\github\baa-2019-cw copy\env-2025\env-2025\debug\env-2025.tlog\cl.items.tlog
c:\users\asus\документы\github\baa-2019-cw copy\env-2025\env-2025\debug\env-2025.tlog\cl.read.1.tlog
c:\users\asus\документы\github\baa-2019-cw copy\env-2025\env-2025\debug\env-2025.tlog\cl.write.1.tlog
c:\users\asus\документы\github\baa-2019-cw copy\env-2025\env-2025\debug\env-2025.tlog\link.command.1.tlog
c:\users\asus\документы\github\baa-2019-cw copy\env-2025\env-2025\debug\env-2025.tlog\link.read.1.tlog
c:\users\asus\документы\github\baa-2019-cw copy\env-2025\env-2025\debug\env-2025.tlog\link.secondary.1.tlog
c:\users\asus\документы\github\baa-2019-cw copy\env-2025\env-2025\debug\env-2025.tlog\link.write.1.tlog
