---- Протокол транслятора ENV-2025 ------- Дата: 18.11.2025 00:40:05
---- Параметры трансляции -------
-log:	in.txt.log
-out:	in.txt.asm
-in:	in.txt
---- Исходные данные -----
Количество символов:	2089
Проигнорировано:	0
Количество строк:	102

Ошибка 324: Семантическая ошибка: Превышена длина идентификатора (макс. 8 символов) Строка: 1 Позиция: 25

Ошибка 324: Семантическая ошибка: Превышена длина идентификатора (макс. 8 символов) Строка: 1 Позиция: 26

Ошибка 324: Семантическая ошибка: Превышена длина идентификатора (макс. 8 символов) Строка: 1 Позиция: 27

Ошибка 324: Семантическая ошибка: Превышена длина идентификатора (макс. 8 символов) Строка: 1 Позиция: 28

Ошибка 324: Семантическая ошибка: Превышена длина идентификатора (макс. 8 символов) Строка: 1 Позиция: 29

Ошибка 324: Семантическая ошибка: Превышена длина идентификатора (макс. 8 символов) Строка: 1 Позиция: 30

Ошибка 324: Семантическая ошибка: Превышена длина идентификатора (макс. 8 символов) Строка: 11 Позиция: 173

Ошибка 324: Семантическая ошибка: Превышена длина идентификатора (макс. 8 символов) Строка: 11 Позиция: 174

Ошибка 324: Семантическая ошибка: Превышена длина идентификатора (макс. 8 символов) Строка: 11 Позиция: 175

Ошибка 324: Семантическая ошибка: Превышена длина идентификатора (макс. 8 символов) Строка: 11 Позиция: 176

Ошибка 324: Семантическая ошибка: Превышена длина идентификатора (макс. 8 символов) Строка: 11 Позиция: 177

Ошибка 324: Семантическая ошибка: Превышена длина идентификатора (макс. 8 символов) Строка: 11 Позиция: 178

Ошибка 324: Семантическая ошибка: Превышена длина идентификатора (макс. 8 символов) Строка: 11 Позиция: 179

Ошибка 324: Семантическая ошибка: Превышена длина идентификатора (макс. 8 символов) Строка: 24 Позиция: 380

Ошибка 324: Семантическая ошибка: Превышена длина идентификатора (макс. 8 символов) Строка: 24 Позиция: 381

Ошибка 324: Семантическая ошибка: Превышена длина идентификатора (макс. 8 символов) Строка: 25 Позиция: 437

Ошибка 324: Семантическая ошибка: Превышена длина идентификатора (макс. 8 символов) Строка: 30 Позиция: 516

Ошибка 324: Семантическая ошибка: Превышена длина идентификатора (макс. 8 символов) Строка: 30 Позиция: 517

Ошибка 324: Семантическая ошибка: Превышена длина идентификатора (макс. 8 символов) Строка: 31 Позиция: 552

Ошибка 324: Семантическая ошибка: Превышена длина идентификатора (макс. 8 символов) Строка: 32 Позиция: 567

Ошибка 324: Семантическая ошибка: Превышена длина идентификатора (макс. 8 символов) Строка: 32 Позиция: 568

Ошибка 324: Семантическая ошибка: Превышена длина идентификатора (макс. 8 символов) Строка: 33 Позиция: 609

Ошибка 324: Семантическая ошибка: Превышена длина идентификатора (макс. 8 символов) Строка: 36 Позиция: 651

Ошибка 324: Семантическая ошибка: Превышена длина идентификатора (макс. 8 символов) Строка: 38 Позиция: 692

Ошибка 324: Семантическая ошибка: Превышена длина идентификатора (макс. 8 символов) Строка: 40 Позиция: 733

Ошибка 324: Семантическая ошибка: Превышена длина идентификатора (макс. 8 символов) Строка: 42 Позиция: 774

Ошибка 324: Семантическая ошибка: Превышена длина идентификатора (макс. 8 символов) Строка: 44 Позиция: 815

Ошибка 324: Семантическая ошибка: Превышена длина идентификатора (макс. 8 символов) Строка: 46 Позиция: 840

Ошибка 324: Семантическая ошибка: Превышена длина идентификатора (макс. 8 символов) Строка: 47 Позиция: 856

Ошибка 324: Семантическая ошибка: Превышена длина идентификатора (макс. 8 символов) Строка: 47 Позиция: 857

Ошибка 324: Семантическая ошибка: Превышена длина идентификатора (макс. 8 символов) Строка: 48 Позиция: 896

Ошибка 324: Семантическая ошибка: Превышена длина идентификатора (макс. 8 символов) Строка: 52 Позиция: 971

Ошибка 324: Семантическая ошибка: Превышена длина идентификатора (макс. 8 символов) Строка: 52 Позиция: 972

Ошибка 324: Семантическая ошибка: Превышена длина идентификатора (макс. 8 символов) Строка: 54 Позиция: 1019

Ошибка 324: Семантическая ошибка: Превышена длина идентификатора (макс. 8 символов) Строка: 54 Позиция: 1020

Ошибка 324: Семантическая ошибка: Превышена длина идентификатора (макс. 8 символов) Строка: 55 Позиция: 1050

Ошибка 324: Семантическая ошибка: Превышена длина идентификатора (макс. 8 символов) Строка: 59 Позиция: 1117

Ошибка 324: Семантическая ошибка: Превышена длина идентификатора (макс. 8 символов) Строка: 60 Позиция: 1133

Ошибка 324: Семантическая ошибка: Превышена длина идентификатора (макс. 8 символов) Строка: 60 Позиция: 1134

Ошибка 324: Семантическая ошибка: Превышена длина идентификатора (макс. 8 символов) Строка: 61 Позиция: 1187

Ошибка 324: Семантическая ошибка: Превышена длина идентификатора (макс. 8 символов) Строка: 67 Позиция: 1291

Ошибка 324: Семантическая ошибка: Превышена длина идентификатора (макс. 8 символов) Строка: 67 Позиция: 1292

Ошибка 324: Семантическая ошибка: Превышена длина идентификатора (макс. 8 символов) Строка: 68 Позиция: 1315

Ошибка 324: Семантическая ошибка: Превышена длина идентификатора (макс. 8 символов) Строка: 69 Позиция: 1334

Ошибка 324: Семантическая ошибка: Превышена длина идентификатора (макс. 8 символов) Строка: 69 Позиция: 1335

Ошибка 324: Семантическая ошибка: Превышена длина идентификатора (макс. 8 символов) Строка: 70 Позиция: 1358

Ошибка 324: Семантическая ошибка: Превышена длина идентификатора (макс. 8 символов) Строка: 71 Позиция: 1377

Ошибка 324: Семантическая ошибка: Превышена длина идентификатора (макс. 8 символов) Строка: 71 Позиция: 1378

Ошибка 324: Семантическая ошибка: Превышена длина идентификатора (макс. 8 символов) Строка: 72 Позиция: 1401

Ошибка 324: Семантическая ошибка: Превышена длина идентификатора (макс. 8 символов) Строка: 74 Позиция: 1439

Ошибка 324: Семантическая ошибка: Превышена длина идентификатора (макс. 8 символов) Строка: 74 Позиция: 1440

Ошибка 324: Семантическая ошибка: Превышена длина идентификатора (макс. 8 символов) Строка: 74 Позиция: 1441

Ошибка 324: Семантическая ошибка: Превышена длина идентификатора (макс. 8 символов) Строка: 74 Позиция: 1442

Ошибка 324: Семантическая ошибка: Превышена длина идентификатора (макс. 8 символов) Строка: 74 Позиция: 1443

Ошибка 324: Семантическая ошибка: Превышена длина идентификатора (макс. 8 символов) Строка: 74 Позиция: 1444

Ошибка 324: Семантическая ошибка: Превышена длина идентификатора (макс. 8 символов) Строка: 74 Позиция: 1445

Ошибка 324: Семантическая ошибка: Превышена длина идентификатора (макс. 8 символов) Строка: 74 Позиция: 1457

Ошибка 324: Семантическая ошибка: Превышена длина идентификатора (макс. 8 символов) Строка: 74 Позиция: 1458

Ошибка 324: Семантическая ошибка: Превышена длина идентификатора (макс. 8 символов) Строка: 74 Позиция: 1459

Ошибка 324: Семантическая ошибка: Превышена длина идентификатора (макс. 8 символов) Строка: 74 Позиция: 1460

Ошибка 324: Семантическая ошибка: Превышена длина идентификатора (макс. 8 символов) Строка: 74 Позиция: 1461

Ошибка 324: Семантическая ошибка: Превышена длина идентификатора (макс. 8 символов) Строка: 74 Позиция: 1462

Ошибка 324: Семантическая ошибка: Превышена длина идентификатора (макс. 8 символов) Строка: 75 Позиция: 1489

Ошибка 324: Семантическая ошибка: Превышена длина идентификатора (макс. 8 символов) Строка: 75 Позиция: 1490

Ошибка 324: Семантическая ошибка: Превышена длина идентификатора (макс. 8 символов) Строка: 76 Позиция: 1520

Ошибка 324: Семантическая ошибка: Превышена длина идентификатора (макс. 8 символов) Строка: 76 Позиция: 1530

Ошибка 324: Семантическая ошибка: Превышена длина идентификатора (макс. 8 символов) Строка: 76 Позиция: 1531

Ошибка 324: Семантическая ошибка: Превышена длина идентификатора (макс. 8 символов) Строка: 76 Позиция: 1532

Ошибка 324: Семантическая ошибка: Превышена длина идентификатора (макс. 8 символов) Строка: 76 Позиция: 1533

Ошибка 324: Семантическая ошибка: Превышена длина идентификатора (макс. 8 символов) Строка: 76 Позиция: 1534

Ошибка 324: Семантическая ошибка: Превышена длина идентификатора (макс. 8 символов) Строка: 76 Позиция: 1535

Ошибка 324: Семантическая ошибка: Превышена длина идентификатора (макс. 8 символов) Строка: 76 Позиция: 1536

Ошибка 324: Семантическая ошибка: Превышена длина идентификатора (макс. 8 символов) Строка: 78 Позиция: 1568

Ошибка 324: Семантическая ошибка: Превышена длина идентификатора (макс. 8 символов) Строка: 78 Позиция: 1569

Ошибка 324: Семантическая ошибка: Превышена длина идентификатора (макс. 8 символов) Строка: 78 Позиция: 1570

Ошибка 324: Семантическая ошибка: Превышена длина идентификатора (макс. 8 символов) Строка: 78 Позиция: 1571

Ошибка 324: Семантическая ошибка: Превышена длина идентификатора (макс. 8 символов) Строка: 78 Позиция: 1572

Ошибка 324: Семантическая ошибка: Превышена длина идентификатора (макс. 8 символов) Строка: 78 Позиция: 1573

Ошибка 324: Семантическая ошибка: Превышена длина идентификатора (макс. 8 символов) Строка: 78 Позиция: 1574

Ошибка 324: Семантическая ошибка: Превышена длина идентификатора (макс. 8 символов) Строка: 78 Позиция: 1586

Ошибка 324: Семантическая ошибка: Превышена длина идентификатора (макс. 8 символов) Строка: 78 Позиция: 1587

Ошибка 324: Семантическая ошибка: Превышена длина идентификатора (макс. 8 символов) Строка: 78 Позиция: 1588

Ошибка 324: Семантическая ошибка: Превышена длина идентификатора (макс. 8 символов) Строка: 78 Позиция: 1589

Ошибка 324: Семантическая ошибка: Превышена длина идентификатора (макс. 8 символов) Строка: 78 Позиция: 1590

Ошибка 324: Семантическая ошибка: Превышена длина идентификатора (макс. 8 символов) Строка: 78 Позиция: 1591

Ошибка 324: Семантическая ошибка: Превышена длина идентификатора (макс. 8 символов) Строка: 79 Позиция: 1618

Ошибка 324: Семантическая ошибка: Превышена длина идентификатора (макс. 8 символов) Строка: 79 Позиция: 1619

Ошибка 324: Семантическая ошибка: Превышена длина идентификатора (макс. 8 символов) Строка: 80 Позиция: 1649

Ошибка 324: Семантическая ошибка: Превышена длина идентификатора (макс. 8 символов) Строка: 80 Позиция: 1659

Ошибка 324: Семантическая ошибка: Превышена длина идентификатора (макс. 8 символов) Строка: 80 Позиция: 1660

Ошибка 324: Семантическая ошибка: Превышена длина идентификатора (макс. 8 символов) Строка: 80 Позиция: 1661

Ошибка 324: Семантическая ошибка: Превышена длина идентификатора (макс. 8 символов) Строка: 80 Позиция: 1662

Ошибка 324: Семантическая ошибка: Превышена длина идентификатора (макс. 8 символов) Строка: 80 Позиция: 1663

Ошибка 324: Семантическая ошибка: Превышена длина идентификатора (макс. 8 символов) Строка: 80 Позиция: 1664

Ошибка 324: Семантическая ошибка: Превышена длина идентификатора (макс. 8 символов) Строка: 80 Позиция: 1665

Ошибка 324: Семантическая ошибка: Превышена длина идентификатора (макс. 8 символов) Строка: 82 Позиция: 1684

Ошибка 324: Семантическая ошибка: Превышена длина идентификатора (макс. 8 символов) Строка: 83 Позиция: 1700

Ошибка 324: Семантическая ошибка: Превышена длина идентификатора (макс. 8 символов) Строка: 83 Позиция: 1701

Ошибка 324: Семантическая ошибка: Превышена длина идентификатора (макс. 8 символов) Строка: 84 Позиция: 1755

Ошибка 324: Семантическая ошибка: Превышена длина идентификатора (макс. 8 символов) Строка: 86 Позиция: 1790

Ошибка 324: Семантическая ошибка: Превышена длина идентификатора (макс. 8 символов) Строка: 86 Позиция: 1791

Ошибка 324: Семантическая ошибка: Превышена длина идентификатора (макс. 8 символов) Строка: 86 Позиция: 1792

Ошибка 324: Семантическая ошибка: Превышена длина идентификатора (макс. 8 символов) Строка: 86 Позиция: 1793

Ошибка 324: Семантическая ошибка: Превышена длина идентификатора (макс. 8 символов) Строка: 86 Позиция: 1805

Ошибка 324: Семантическая ошибка: Превышена длина идентификатора (макс. 8 символов) Строка: 86 Позиция: 1806

Ошибка 324: Семантическая ошибка: Превышена длина идентификатора (макс. 8 символов) Строка: 86 Позиция: 1807

Ошибка 324: Семантическая ошибка: Превышена длина идентификатора (макс. 8 символов) Строка: 86 Позиция: 1808

Ошибка 324: Семантическая ошибка: Превышена длина идентификатора (макс. 8 символов) Строка: 86 Позиция: 1809

Ошибка 324: Семантическая ошибка: Превышена длина идентификатора (макс. 8 символов) Строка: 86 Позиция: 1810

Ошибка 324: Семантическая ошибка: Превышена длина идентификатора (макс. 8 символов) Строка: 86 Позиция: 1811

Ошибка 324: Семантическая ошибка: Превышена длина идентификатора (макс. 8 символов) Строка: 87 Позиция: 1830

Ошибка 324: Семантическая ошибка: Превышена длина идентификатора (макс. 8 символов) Строка: 87 Позиция: 1831

Ошибка 324: Семантическая ошибка: Превышена длина идентификатора (макс. 8 символов) Строка: 88 Позиция: 1860

Ошибка 324: Семантическая ошибка: Превышена длина идентификатора (макс. 8 символов) Строка: 88 Позиция: 1870

Ошибка 324: Семантическая ошибка: Превышена длина идентификатора (макс. 8 символов) Строка: 88 Позиция: 1871

Ошибка 324: Семантическая ошибка: Превышена длина идентификатора (макс. 8 символов) Строка: 88 Позиция: 1872

Ошибка 324: Семантическая ошибка: Превышена длина идентификатора (макс. 8 символов) Строка: 88 Позиция: 1873

Ошибка 324: Семантическая ошибка: Превышена длина идентификатора (макс. 8 символов) Строка: 90 Позиция: 1892

Ошибка 324: Семантическая ошибка: Превышена длина идентификатора (макс. 8 символов) Строка: 91 Позиция: 1908

Ошибка 324: Семантическая ошибка: Превышена длина идентификатора (макс. 8 символов) Строка: 91 Позиция: 1909

Ошибка 324: Семантическая ошибка: Превышена длина идентификатора (макс. 8 символов) Строка: 92 Позиция: 1963

Ошибка 324: Семантическая ошибка: Превышена длина идентификатора (макс. 8 символов) Строка: 94 Позиция: 1984

Ошибка 324: Семантическая ошибка: Превышена длина идентификатора (макс. 8 символов) Строка: 94 Позиция: 1985

Ошибка 324: Семантическая ошибка: Превышена длина идентификатора (макс. 8 символов) Строка: 98 Позиция: 2064

Ошибка 201: Лексическая ошибка: Неизвестная последовательность символов Строка: 1

Ошибка 201: Лексическая ошибка: Неизвестная последовательность символов Строка: 1

Ошибка 201: Лексическая ошибка: Неизвестная последовательность символов Строка: 1

Ошибка 201: Лексическая ошибка: Неизвестная последовательность символов Строка: 1

Ошибка 201: Лексическая ошибка: Неизвестная последовательность символов Строка: 1

Ошибка 201: Лексическая ошибка: Неизвестная последовательность символов Строка: 2

Ошибка 201: Лексическая ошибка: Неизвестная последовательность символов Строка: 2

Ошибка 201: Лексическая ошибка: Неизвестная последовательность символов Строка: 4

Ошибка 201: Лексическая ошибка: Неизвестная последовательность символов Строка: 7

Ошибка 201: Лексическая ошибка: Неизвестная последовательность символов Строка: 11

Ошибка 201: Лексическая ошибка: Неизвестная последовательность символов Строка: 11

Ошибка 201: Лексическая ошибка: Неизвестная последовательность символов Строка: 11

Ошибка 201: Лексическая ошибка: Неизвестная последовательность символов Строка: 12

Ошибка 201: Лексическая ошибка: Неизвестная последовательность символов Строка: 12

Ошибка 201: Лексическая ошибка: Неизвестная последовательность символов Строка: 13

Ошибка 201: Лексическая ошибка: Неизвестная последовательность символов Строка: 13

Ошибка 201: Лексическая ошибка: Неизвестная последовательность символов Строка: 15

Ошибка 201: Лексическая ошибка: Неизвестная последовательность символов Строка: 16

Ошибка 201: Лексическая ошибка: Неизвестная последовательность символов Строка: 16

Ошибка 201: Лексическая ошибка: Неизвестная последовательность символов Строка: 16

Ошибка 201: Лексическая ошибка: Неизвестная последовательность символов Строка: 19

Ошибка 201: Лексическая ошибка: Неизвестная последовательность символов Строка: 24

Ошибка 201: Лексическая ошибка: Неизвестная последовательность символов Строка: 24

Ошибка 201: Лексическая ошибка: Неизвестная последовательность символов Строка: 24

Ошибка 201: Лексическая ошибка: Неизвестная последовательность символов Строка: 25

Ошибка 201: Лексическая ошибка: Неизвестная последовательность символов Строка: 25

Ошибка 201: Лексическая ошибка: Неизвестная последовательность символов Строка: 25

Ошибка 201: Лексическая ошибка: Неизвестная последовательность символов Строка: 27

Ошибка 201: Лексическая ошибка: Неизвестная последовательность символов Строка: 27

Ошибка 201: Лексическая ошибка: Неизвестная последовательность символов Строка: 28

Ошибка 201: Лексическая ошибка: Неизвестная последовательность символов Строка: 28

Ошибка 201: Лексическая ошибка: Неизвестная последовательность символов Строка: 30

Ошибка 201: Лексическая ошибка: Неизвестная последовательность символов Строка: 30

Ошибка 201: Лексическая ошибка: Неизвестная последовательность символов Строка: 30

Ошибка 201: Лексическая ошибка: Неизвестная последовательность символов Строка: 31

Ошибка 201: Лексическая ошибка: Неизвестная последовательность символов Строка: 31

Ошибка 201: Лексическая ошибка: Неизвестная последовательность символов Строка: 32

Ошибка 201: Лексическая ошибка: Неизвестная последовательность символов Строка: 32

Ошибка 201: Лексическая ошибка: Неизвестная последовательность символов Строка: 32

Ошибка 201: Лексическая ошибка: Неизвестная последовательность символов Строка: 33

Ошибка 201: Лексическая ошибка: Неизвестная последовательность символов Строка: 33

Ошибка 201: Лексическая ошибка: Неизвестная последовательность символов Строка: 35

Ошибка 201: Лексическая ошибка: Неизвестная последовательность символов Строка: 35

Ошибка 201: Лексическая ошибка: Неизвестная последовательность символов Строка: 35

Ошибка 201: Лексическая ошибка: Неизвестная последовательность символов Строка: 36

Ошибка 201: Лексическая ошибка: Неизвестная последовательность символов Строка: 36

Ошибка 201: Лексическая ошибка: Неизвестная последовательность символов Строка: 36

Ошибка 201: Лексическая ошибка: Неизвестная последовательность символов Строка: 37

Ошибка 201: Лексическая ошибка: Неизвестная последовательность символов Строка: 37

Ошибка 201: Лексическая ошибка: Неизвестная последовательность символов Строка: 37

Ошибка 201: Лексическая ошибка: Неизвестная последовательность символов Строка: 38

Ошибка 201: Лексическая ошибка: Неизвестная последовательность символов Строка: 38

Ошибка 201: Лексическая ошибка: Неизвестная последовательность символов Строка: 38

Ошибка 201: Лексическая ошибка: Неизвестная последовательность символов Строка: 39

Ошибка 201: Лексическая ошибка: Неизвестная последовательность символов Строка: 39

Ошибка 201: Лексическая ошибка: Неизвестная последовательность символов Строка: 39

Ошибка 201: Лексическая ошибка: Неизвестная последовательность символов Строка: 40

Ошибка 201: Лексическая ошибка: Неизвестная последовательность символов Строка: 40

Ошибка 201: Лексическая ошибка: Неизвестная последовательность символов Строка: 40

Ошибка 201: Лексическая ошибка: Неизвестная последовательность символов Строка: 41

Ошибка 201: Лексическая ошибка: Неизвестная последовательность символов Строка: 41

Ошибка 201: Лексическая ошибка: Неизвестная последовательность символов Строка: 41

Ошибка 201: Лексическая ошибка: Неизвестная последовательность символов Строка: 42

Ошибка 201: Лексическая ошибка: Неизвестная последовательность символов Строка: 42

Ошибка 201: Лексическая ошибка: Неизвестная последовательность символов Строка: 42

Ошибка 201: Лексическая ошибка: Неизвестная последовательность символов Строка: 43

Ошибка 201: Лексическая ошибка: Неизвестная последовательность символов Строка: 43

Ошибка 201: Лексическая ошибка: Неизвестная последовательность символов Строка: 43

Ошибка 201: Лексическая ошибка: Неизвестная последовательность символов Строка: 44

Ошибка 201: Лексическая ошибка: Неизвестная последовательность символов Строка: 44

Ошибка 201: Лексическая ошибка: Неизвестная последовательность символов Строка: 44

Ошибка 201: Лексическая ошибка: Неизвестная последовательность символов Строка: 46

Ошибка 201: Лексическая ошибка: Неизвестная последовательность символов Строка: 46

Ошибка 201: Лексическая ошибка: Неизвестная последовательность символов Строка: 46

Ошибка 201: Лексическая ошибка: Неизвестная последовательность символов Строка: 47

Ошибка 201: Лексическая ошибка: Неизвестная последовательность символов Строка: 47

Ошибка 201: Лексическая ошибка: Неизвестная последовательность символов Строка: 47

Ошибка 201: Лексическая ошибка: Неизвестная последовательность символов Строка: 48

Ошибка 201: Лексическая ошибка: Неизвестная последовательность символов Строка: 48

Ошибка 201: Лексическая ошибка: Неизвестная последовательность символов Строка: 48

Ошибка 201: Лексическая ошибка: Неизвестная последовательность символов Строка: 50

Ошибка 201: Лексическая ошибка: Неизвестная последовательность символов Строка: 50

Ошибка 201: Лексическая ошибка: Неизвестная последовательность символов Строка: 51

Ошибка 201: Лексическая ошибка: Неизвестная последовательность символов Строка: 52

Ошибка 201: Лексическая ошибка: Неизвестная последовательность символов Строка: 52

Ошибка 201: Лексическая ошибка: Неизвестная последовательность символов Строка: 52

Ошибка 201: Лексическая ошибка: Неизвестная последовательность символов Строка: 53

Ошибка 201: Лексическая ошибка: Неизвестная последовательность символов Строка: 54

Ошибка 201: Лексическая ошибка: Неизвестная последовательность символов Строка: 54

Ошибка 201: Лексическая ошибка: Неизвестная последовательность символов Строка: 54

Ошибка 201: Лексическая ошибка: Неизвестная последовательность символов Строка: 55

Ошибка 201: Лексическая ошибка: Неизвестная последовательность символов Строка: 55

Ошибка 201: Лексическая ошибка: Неизвестная последовательность символов Строка: 55

Ошибка 201: Лексическая ошибка: Неизвестная последовательность символов Строка: 56

Ошибка 201: Лексическая ошибка: Неизвестная последовательность символов Строка: 56

Ошибка 201: Лексическая ошибка: Неизвестная последовательность символов Строка: 56

Ошибка 201: Лексическая ошибка: Неизвестная последовательность символов Строка: 59

Ошибка 201: Лексическая ошибка: Неизвестная последовательность символов Строка: 59

Ошибка 201: Лексическая ошибка: Неизвестная последовательность символов Строка: 59

Ошибка 201: Лексическая ошибка: Неизвестная последовательность символов Строка: 60

Ошибка 201: Лексическая ошибка: Неизвестная последовательность символов Строка: 60

Ошибка 201: Лексическая ошибка: Неизвестная последовательность символов Строка: 60

Ошибка 201: Лексическая ошибка: Неизвестная последовательность символов Строка: 61

Ошибка 201: Лексическая ошибка: Неизвестная последовательность символов Строка: 61

Ошибка 201: Лексическая ошибка: Неизвестная последовательность символов Строка: 61

Ошибка 201: Лексическая ошибка: Неизвестная последовательность символов Строка: 63

Ошибка 201: Лексическая ошибка: Неизвестная последовательность символов Строка: 63

Ошибка 201: Лексическая ошибка: Неизвестная последовательность символов Строка: 63

Ошибка 201: Лексическая ошибка: Неизвестная последовательность символов Строка: 63

Ошибка 201: Лексическая ошибка: Неизвестная последовательность символов Строка: 63

Ошибка 201: Лексическая ошибка: Неизвестная последовательность символов Строка: 64

Ошибка 201: Лексическая ошибка: Неизвестная последовательность символов Строка: 64

Ошибка 201: Лексическая ошибка: Неизвестная последовательность символов Строка: 64

Ошибка 201: Лексическая ошибка: Неизвестная последовательность символов Строка: 64

Ошибка 201: Лексическая ошибка: Неизвестная последовательность символов Строка: 64

Ошибка 201: Лексическая ошибка: Неизвестная последовательность символов Строка: 65

Ошибка 201: Лексическая ошибка: Неизвестная последовательность символов Строка: 65

Ошибка 201: Лексическая ошибка: Неизвестная последовательность символов Строка: 65

Ошибка 201: Лексическая ошибка: Неизвестная последовательность символов Строка: 65

Ошибка 201: Лексическая ошибка: Неизвестная последовательность символов Строка: 65

Ошибка 201: Лексическая ошибка: Неизвестная последовательность символов Строка: 67

Ошибка 201: Лексическая ошибка: Неизвестная последовательность символов Строка: 67

Ошибка 201: Лексическая ошибка: Неизвестная последовательность символов Строка: 67

Ошибка 201: Лексическая ошибка: Неизвестная последовательность символов Строка: 68

Ошибка 201: Лексическая ошибка: Неизвестная последовательность символов Строка: 68

Ошибка 201: Лексическая ошибка: Неизвестная последовательность символов Строка: 69

Ошибка 201: Лексическая ошибка: Неизвестная последовательность символов Строка: 69

Ошибка 201: Лексическая ошибка: Неизвестная последовательность символов Строка: 69

Ошибка 201: Лексическая ошибка: Неизвестная последовательность символов Строка: 70

Ошибка 201: Лексическая ошибка: Неизвестная последовательность символов Строка: 70

Ошибка 201: Лексическая ошибка: Неизвестная последовательность символов Строка: 71

Ошибка 201: Лексическая ошибка: Неизвестная последовательность символов Строка: 71

Ошибка 201: Лексическая ошибка: Неизвестная последовательность символов Строка: 71

Ошибка 201: Лексическая ошибка: Неизвестная последовательность символов Строка: 72

Ошибка 201: Лексическая ошибка: Неизвестная последовательность символов Строка: 72

Ошибка 201: Лексическая ошибка: Неизвестная последовательность символов Строка: 74

Ошибка 201: Лексическая ошибка: Неизвестная последовательность символов Строка: 74

Ошибка 201: Лексическая ошибка: Неизвестная последовательность символов Строка: 74

Ошибка 201: Лексическая ошибка: Неизвестная последовательность символов Строка: 74

Ошибка 201: Лексическая ошибка: Неизвестная последовательность символов Строка: 75

Ошибка 201: Лексическая ошибка: Неизвестная последовательность символов Строка: 75

Ошибка 201: Лексическая ошибка: Неизвестная последовательность символов Строка: 75

Ошибка 201: Лексическая ошибка: Неизвестная последовательность символов Строка: 76

Ошибка 201: Лексическая ошибка: Неизвестная последовательность символов Строка: 76

Ошибка 201: Лексическая ошибка: Неизвестная последовательность символов Строка: 78

Ошибка 201: Лексическая ошибка: Неизвестная последовательность символов Строка: 78

Ошибка 201: Лексическая ошибка: Неизвестная последовательность символов Строка: 78

Ошибка 201: Лексическая ошибка: Неизвестная последовательность символов Строка: 78

Ошибка 201: Лексическая ошибка: Неизвестная последовательность символов Строка: 79

Ошибка 201: Лексическая ошибка: Неизвестная последовательность символов Строка: 79

Ошибка 201: Лексическая ошибка: Неизвестная последовательность символов Строка: 79

Ошибка 201: Лексическая ошибка: Неизвестная последовательность символов Строка: 80

Ошибка 201: Лексическая ошибка: Неизвестная последовательность символов Строка: 80

Ошибка 201: Лексическая ошибка: Неизвестная последовательность символов Строка: 82

Ошибка 201: Лексическая ошибка: Неизвестная последовательность символов Строка: 82

Ошибка 201: Лексическая ошибка: Неизвестная последовательность символов Строка: 82

Ошибка 201: Лексическая ошибка: Неизвестная последовательность символов Строка: 83

Ошибка 201: Лексическая ошибка: Неизвестная последовательность символов Строка: 83

Ошибка 201: Лексическая ошибка: Неизвестная последовательность символов Строка: 83

Ошибка 201: Лексическая ошибка: Неизвестная последовательность символов Строка: 84

Ошибка 201: Лексическая ошибка: Неизвестная последовательность символов Строка: 84

Ошибка 201: Лексическая ошибка: Неизвестная последовательность символов Строка: 84

Ошибка 201: Лексическая ошибка: Неизвестная последовательность символов Строка: 86

Ошибка 201: Лексическая ошибка: Неизвестная последовательность символов Строка: 86

Ошибка 201: Лексическая ошибка: Неизвестная последовательность символов Строка: 86

Ошибка 201: Лексическая ошибка: Неизвестная последовательность символов Строка: 86

Ошибка 201: Лексическая ошибка: Неизвестная последовательность символов Строка: 87

Ошибка 201: Лексическая ошибка: Неизвестная последовательность символов Строка: 87

Ошибка 201: Лексическая ошибка: Неизвестная последовательность символов Строка: 87

Ошибка 201: Лексическая ошибка: Неизвестная последовательность символов Строка: 88

Ошибка 201: Лексическая ошибка: Неизвестная последовательность символов Строка: 88

Ошибка 201: Лексическая ошибка: Неизвестная последовательность символов Строка: 90

Ошибка 201: Лексическая ошибка: Неизвестная последовательность символов Строка: 90

Ошибка 201: Лексическая ошибка: Неизвестная последовательность символов Строка: 90

Ошибка 201: Лексическая ошибка: Неизвестная последовательность символов Строка: 91

Ошибка 201: Лексическая ошибка: Неизвестная последовательность символов Строка: 91

Ошибка 201: Лексическая ошибка: Неизвестная последовательность символов Строка: 91

Ошибка 201: Лексическая ошибка: Неизвестная последовательность символов Строка: 92

Ошибка 201: Лексическая ошибка: Неизвестная последовательность символов Строка: 92

Ошибка 201: Лексическая ошибка: Неизвестная последовательность символов Строка: 92

Ошибка 201: Лексическая ошибка: Неизвестная последовательность символов Строка: 94

Ошибка 201: Лексическая ошибка: Неизвестная последовательность символов Строка: 94

Ошибка 201: Лексическая ошибка: Неизвестная последовательность символов Строка: 94

Ошибка 201: Лексическая ошибка: Неизвестная последовательность символов Строка: 96

Ошибка 201: Лексическая ошибка: Неизвестная последовательность символов Строка: 96

Ошибка 201: Лексическая ошибка: Неизвестная последовательность символов Строка: 96

Ошибка 201: Лексическая ошибка: Неизвестная последовательность символов Строка: 98

Ошибка 201: Лексическая ошибка: Неизвестная последовательность символов Строка: 98

Ошибка 201: Лексическая ошибка: Неизвестная последовательность символов Строка: 98

Ошибка 201: Лексическая ошибка: Неизвестная последовательность символов Строка: 100
------------------------------ ТАБЛИЦА ЛЕКСЕМ ENV-2025 ------------------------

|  N | ЛЕКСЕМА | СТРОКА | ИНДЕКС В ТИ | ТИП ЛЕКСЕМЫ |
|  0 |    t    |    1   |             | тип данных      |
|  1 |    f    |    1   |             | function        |
|  2 |    (    |    1   |             |                 |
|  3 |    ,    |    1   |             |                 |
|  4 |    )    |    1   |             |                 |
|  5 |    ?    |    2   |             | is              |
|  6 |    =    |    2   |             | присваивание    |
|  7 |    =    |    2   |             | присваивание    |
|  8 |    r    |    3   |             | true            |
|  9 |    [    |    3   |             |                 |
| 10 |    e    |    4   |             | return          |
| 11 |    ]    |    5   |             |                 |
| 12 |    w    |    6   |             | false           |
| 13 |    [    |    6   |             |                 |
| 14 |    e    |    7   |             | return          |
| 15 |    ]    |    8   |             |                 |
| 16 |    z    |    9   |             | end             |
| 17 |    t    |   11   |             | тип данных      |
| 18 |    f    |   11   |             | function        |
| 19 |    (    |   11   |             |                 |
| 20 |    t    |   11   |             | тип данных      |
| 21 |    ,    |   11   |             |                 |
| 22 |    t    |   11   |             | тип данных      |
| 23 |    )    |   11   |             |                 |
| 24 |    n    |   12   |             | type            |
| 25 |    t    |   12   |             | тип данных      |
| 26 |    =    |   12   |             | присваивание    |
| 27 |    n    |   13   |             | type            |
| 28 |    t    |   13   |             | тип данных      |
| 29 |    =    |   13   |             | присваивание    |
| 30 |    c    |   15   |             | repeat          |
| 31 |    x    |   15   |             | times           |
| 32 |    [    |   15   |             |                 |
| 33 |    =    |   16   |             | присваивание    |
| 34 |    *    |   16   |             | умножение       |
| 35 |    ]    |   17   |             |                 |
| 36 |    e    |   19   |             | return          |
| 37 |    z    |   20   |             | end             |
| 38 |    m    |   22   |             | main            |
| 39 |    {    |   23   |             |                 |
| 40 |    o    |   24   |             | write           |
| 41 |    n    |   27   |             | type            |
| 42 |    t    |   27   |             | тип данных      |
| 43 |    =    |   27   |             | присваивание    |
| 44 |    n    |   28   |             | type            |
| 45 |    t    |   28   |             | тип данных      |
| 46 |    =    |   28   |             | присваивание    |
| 47 |    o    |   30   |             | write           |
| 48 |    o    |   32   |             | write           |
| 49 |    o    |   35   |             | write           |
| 50 |    +    |   36   |             | сложение        |
| 51 |    o    |   37   |             | write           |
| 52 |    -    |   38   |             | вычитание       |
| 53 |    o    |   39   |             | write           |
| 54 |    *    |   40   |             | умножение       |
| 55 |    o    |   41   |             | write           |
| 56 |    /    |   42   |             | деление нацело  |
| 57 |    o    |   43   |             | write           |
| 58 |    %    |   44   |             | остаток от дел. |
| 59 |    o    |   47   |             | write           |
| 60 |    n    |   50   |             | type            |
| 61 |    t    |   50   |             | тип данных      |
| 62 |    =    |   50   |             | присваивание    |
| 63 |    c    |   51   |             | repeat          |
| 64 |    x    |   51   |             | times           |
| 65 |    [    |   51   |             |                 |
| 66 |    o    |   52   |             | write           |
| 67 |    o    |   53   |             | write           |
| 68 |    o    |   54   |             | write           |
| 69 |    *    |   55   |             | умножение       |
| 70 |    =    |   56   |             | присваивание    |
| 71 |    +    |   56   |             | сложение        |
| 72 |    ]    |   57   |             |                 |
| 73 |    o    |   60   |             | write           |
| 74 |    n    |   63   |             | type            |
| 75 |    =    |   63   |             | присваивание    |
| 76 |    n    |   64   |             | type            |
| 77 |    =    |   64   |             | присваивание    |
| 78 |    n    |   65   |             | type            |
| 79 |    =    |   65   |             | присваивание    |
| 80 |    o    |   67   |             | write           |
| 81 |    o    |   69   |             | write           |
| 82 |    o    |   71   |             | write           |
| 83 |    n    |   74   |             | type            |
| 84 |    t    |   74   |             | тип данных      |
| 85 |    =    |   74   |             | присваивание    |
| 86 |    (    |   74   |             |                 |
| 87 |    ,    |   74   |             |                 |
| 88 |    )    |   74   |             |                 |
| 89 |    o    |   75   |             | write           |
| 90 |    n    |   78   |             | type            |
| 91 |    t    |   78   |             | тип данных      |
| 92 |    =    |   78   |             | присваивание    |
| 93 |    (    |   78   |             |                 |
| 94 |    ,    |   78   |             |                 |
| 95 |    )    |   78   |             |                 |
| 96 |    o    |   79   |             | write           |
| 97 |    o    |   83   |             | write           |
| 98 |    n    |   86   |             | type            |
| 99 |    t    |   86   |             | тип данных      |
|100 |    =    |   86   |             | присваивание    |
|101 |    (    |   86   |             |                 |
|102 |    ,    |   86   |             |                 |
|103 |    )    |   86   |             |                 |
|104 |    o    |   87   |             | write           |
|105 |    o    |   91   |             | write           |
|106 |    o    |   94   |             | write           |
|107 |    o    |   95   |             | write           |
|108 |    r    |   95   |             | true            |
|109 |    o    |   96   |             | write           |
|110 |    o    |   97   |             | write           |
|111 |    w    |   97   |             | false           |
|112 |    e    |  100   |             | return          |
|113 |    }    |  101   |             |                 |
---------------------------- ТАБЛИЦА ИДЕНТИФИКАТОРОВ ENV-2025 ------------------------

|  N  |СТРОКА В ТЛ |  ТИП ИДЕНТИФИКАТОРА  |        ИМЯ        | ЗНАЧЕНИЕ (ПАРАМЕТРЫ)

-------------------------------------------------------------------------


-----------------  ЛЕКСЕМЫ СООТВЕТСТВУЮЩИЕ ИСХОДНОМУ КОДУ ENV-2025 ---------------------

  1 | t f ( , ) 
  2 | ? = = 
  3 | r [ 
  4 | e 
  5 | ] 
  6 | w [ 
  7 | e 
  8 | ] 
  9 | z 
 11 | t f ( t , t ) 
 12 | n t = 
 13 | n t = 
 15 | c x [ 
 16 | = * 
 17 | ] 
 19 | e 
 20 | z 
 22 | m 
 23 | { 
 24 | o 
 27 | n t = 
 28 | n t = 
 30 | o 
 32 | o 
 35 | o 
 36 | + 
 37 | o 
 38 | - 
 39 | o 
 40 | * 
 41 | o 
 42 | / 
 43 | o 
 44 | % 
 47 | o 
 50 | n t = 
 51 | c x [ 
 52 | o 
 53 | o 
 54 | o 
 55 | * 
 56 | = + 
 57 | ] 
 60 | o 
 63 | n = 
 64 | n = 
 65 | n = 
 67 | o 
 69 | o 
 71 | o 
 74 | n t = ( , ) 
 75 | o 
 78 | n t = ( , ) 
 79 | o 
 83 | o 
 86 | n t = ( , ) 
 87 | o 
 91 | o 
 94 | o 
 95 | o r 
 96 | o 
 97 | o w 
100 | e 
101 | } -------------------------------------------------------------------------

Лексический анализ завершен с ошибками


---- Трансляция ENV-2025 завершена ----
